2014-02-28 17:37:11,165 - Log4JLogChute initialized using file 'velocity.log'
2014-02-28 17:37:11,166 - Initializing Velocity, Calling init()...
2014-02-28 17:37:11,166 - Starting Apache Velocity v1.7 (compiled: 2010-11-19 12:14:37)
2014-02-28 17:37:11,166 - Default Properties File: org\apache\velocity\runtime\defaults\velocity.properties
2014-02-28 17:37:11,166 - Trying to use logger class org.apache.velocity.runtime.log.AvalonLogChute
2014-02-28 17:37:11,166 - Target log system for org.apache.velocity.runtime.log.AvalonLogChute is not available (java.lang.NoClassDefFoundError: org/apache/log/format/Formatter).  Falling back to next log system...
2014-02-28 17:37:11,167 - Trying to use logger class org.apache.velocity.runtime.log.Log4JLogChute
2014-02-28 17:37:11,167 - Using logger class org.apache.velocity.runtime.log.Log4JLogChute
2014-02-28 17:37:11,171 - ResourceLoader instantiated: org.apache.velocity.runtime.resource.loader.ClasspathResourceLoader
2014-02-28 17:37:11,194 - ResourceCache: initialized (class org.apache.velocity.runtime.resource.ResourceCacheImpl) with class java.util.Collections$SynchronizedMap cache map.
2014-02-28 17:37:11,196 - Loaded System Directive: org.apache.velocity.runtime.directive.Stop
2014-02-28 17:37:11,198 - Loaded System Directive: org.apache.velocity.runtime.directive.Define
2014-02-28 17:37:11,200 - Loaded System Directive: org.apache.velocity.runtime.directive.Break
2014-02-28 17:37:11,201 - Loaded System Directive: org.apache.velocity.runtime.directive.Evaluate
2014-02-28 17:37:11,202 - Loaded System Directive: org.apache.velocity.runtime.directive.Literal
2014-02-28 17:37:11,205 - Loaded System Directive: org.apache.velocity.runtime.directive.Macro
2014-02-28 17:37:11,207 - Loaded System Directive: org.apache.velocity.runtime.directive.Parse
2014-02-28 17:37:11,210 - Loaded System Directive: org.apache.velocity.runtime.directive.Include
2014-02-28 17:37:11,211 - Loaded System Directive: org.apache.velocity.runtime.directive.Foreach
2014-02-28 17:37:11,257 - Created '20' parsers.
2014-02-28 17:37:11,264 - Velocimacro : "velocimacro.library" is not set.  Trying default library: VM_global_library.vm
2014-02-28 17:37:11,264 - Could not load resource 'VM_global_library.vm' from ResourceLoader org.apache.velocity.runtime.resource.loader.ClasspathResourceLoader: ClasspathResourceLoader Error: cannot find resource VM_global_library.vm
2014-02-28 17:37:11,264 - Velocimacro : Default library not found.
2014-02-28 17:37:11,264 - Velocimacro : allowInline = true : VMs can be defined inline in templates
2014-02-28 17:37:11,265 - Velocimacro : allowInlineToOverride = false : VMs defined inline may NOT replace previous VM definitions
2014-02-28 17:37:11,265 - Velocimacro : allowInlineLocal = false : VMs defined inline will be global in scope if allowed.
2014-02-28 17:37:11,265 - Velocimacro : autoload off : VM system will not automatically reload global library macros
2014-02-28 17:37:11,283 - ResourceManager : found crmPojo.vm with loader org.apache.velocity.runtime.resource.loader.ClasspathResourceLoader
2014-02-28 17:37:11,546 - Log4JLogChute initialized using file 'velocity.log'
2014-02-28 17:37:11,546 - Log4JLogChute initialized using file 'velocity.log'
2014-02-28 17:37:11,546 - Initializing Velocity, Calling init()...
2014-02-28 17:37:11,546 - Initializing Velocity, Calling init()...
2014-02-28 17:37:11,546 - Starting Apache Velocity v1.7 (compiled: 2010-11-19 12:14:37)
2014-02-28 17:37:11,546 - Starting Apache Velocity v1.7 (compiled: 2010-11-19 12:14:37)
2014-02-28 17:37:11,546 - Default Properties File: org\apache\velocity\runtime\defaults\velocity.properties
2014-02-28 17:37:11,546 - Default Properties File: org\apache\velocity\runtime\defaults\velocity.properties
2014-02-28 17:37:11,546 - Trying to use logger class org.apache.velocity.runtime.log.AvalonLogChute
2014-02-28 17:37:11,546 - Trying to use logger class org.apache.velocity.runtime.log.AvalonLogChute
2014-02-28 17:37:11,546 - Target log system for org.apache.velocity.runtime.log.AvalonLogChute is not available (java.lang.NoClassDefFoundError: org/apache/log/format/Formatter).  Falling back to next log system...
2014-02-28 17:37:11,546 - Target log system for org.apache.velocity.runtime.log.AvalonLogChute is not available (java.lang.NoClassDefFoundError: org/apache/log/format/Formatter).  Falling back to next log system...
2014-02-28 17:37:11,546 - Trying to use logger class org.apache.velocity.runtime.log.Log4JLogChute
2014-02-28 17:37:11,546 - Trying to use logger class org.apache.velocity.runtime.log.Log4JLogChute
2014-02-28 17:37:11,546 - Using logger class org.apache.velocity.runtime.log.Log4JLogChute
2014-02-28 17:37:11,546 - Using logger class org.apache.velocity.runtime.log.Log4JLogChute
2014-02-28 17:37:11,547 - ResourceLoader instantiated: org.apache.velocity.runtime.resource.loader.ClasspathResourceLoader
2014-02-28 17:37:11,547 - ResourceLoader instantiated: org.apache.velocity.runtime.resource.loader.ClasspathResourceLoader
2014-02-28 17:37:11,547 - ResourceCache: initialized (class org.apache.velocity.runtime.resource.ResourceCacheImpl) with class java.util.Collections$SynchronizedMap cache map.
2014-02-28 17:37:11,547 - ResourceCache: initialized (class org.apache.velocity.runtime.resource.ResourceCacheImpl) with class java.util.Collections$SynchronizedMap cache map.
2014-02-28 17:37:11,547 - Loaded System Directive: org.apache.velocity.runtime.directive.Stop
2014-02-28 17:37:11,547 - Loaded System Directive: org.apache.velocity.runtime.directive.Stop
2014-02-28 17:37:11,547 - Loaded System Directive: org.apache.velocity.runtime.directive.Define
2014-02-28 17:37:11,547 - Loaded System Directive: org.apache.velocity.runtime.directive.Define
2014-02-28 17:37:11,547 - Loaded System Directive: org.apache.velocity.runtime.directive.Break
2014-02-28 17:37:11,547 - Loaded System Directive: org.apache.velocity.runtime.directive.Break
2014-02-28 17:37:11,548 - Loaded System Directive: org.apache.velocity.runtime.directive.Evaluate
2014-02-28 17:37:11,548 - Loaded System Directive: org.apache.velocity.runtime.directive.Evaluate
2014-02-28 17:37:11,548 - Loaded System Directive: org.apache.velocity.runtime.directive.Literal
2014-02-28 17:37:11,548 - Loaded System Directive: org.apache.velocity.runtime.directive.Literal
2014-02-28 17:37:11,548 - Loaded System Directive: org.apache.velocity.runtime.directive.Macro
2014-02-28 17:37:11,548 - Loaded System Directive: org.apache.velocity.runtime.directive.Macro
2014-02-28 17:37:11,548 - Loaded System Directive: org.apache.velocity.runtime.directive.Parse
2014-02-28 17:37:11,548 - Loaded System Directive: org.apache.velocity.runtime.directive.Parse
2014-02-28 17:37:11,548 - Loaded System Directive: org.apache.velocity.runtime.directive.Include
2014-02-28 17:37:11,548 - Loaded System Directive: org.apache.velocity.runtime.directive.Include
2014-02-28 17:37:11,548 - Loaded System Directive: org.apache.velocity.runtime.directive.Foreach
2014-02-28 17:37:11,548 - Loaded System Directive: org.apache.velocity.runtime.directive.Foreach
2014-02-28 17:37:11,549 - Created '20' parsers.
2014-02-28 17:37:11,549 - Created '20' parsers.
2014-02-28 17:37:11,549 - Velocimacro : "velocimacro.library" is not set.  Trying default library: VM_global_library.vm
2014-02-28 17:37:11,549 - Velocimacro : "velocimacro.library" is not set.  Trying default library: VM_global_library.vm
2014-02-28 17:37:11,550 - Could not load resource 'VM_global_library.vm' from ResourceLoader org.apache.velocity.runtime.resource.loader.ClasspathResourceLoader: ClasspathResourceLoader Error: cannot find resource VM_global_library.vm
2014-02-28 17:37:11,550 - Could not load resource 'VM_global_library.vm' from ResourceLoader org.apache.velocity.runtime.resource.loader.ClasspathResourceLoader: ClasspathResourceLoader Error: cannot find resource VM_global_library.vm
2014-02-28 17:37:11,550 - Velocimacro : Default library not found.
2014-02-28 17:37:11,550 - Velocimacro : Default library not found.
2014-02-28 17:37:11,550 - Velocimacro : allowInline = true : VMs can be defined inline in templates
2014-02-28 17:37:11,550 - Velocimacro : allowInline = true : VMs can be defined inline in templates
2014-02-28 17:37:11,550 - Velocimacro : allowInlineToOverride = false : VMs defined inline may NOT replace previous VM definitions
2014-02-28 17:37:11,550 - Velocimacro : allowInlineToOverride = false : VMs defined inline may NOT replace previous VM definitions
2014-02-28 17:37:11,550 - Velocimacro : allowInlineLocal = false : VMs defined inline will be global in scope if allowed.
2014-02-28 17:37:11,550 - Velocimacro : allowInlineLocal = false : VMs defined inline will be global in scope if allowed.
2014-02-28 17:37:11,550 - Velocimacro : autoload off : VM system will not automatically reload global library macros
2014-02-28 17:37:11,550 - Velocimacro : autoload off : VM system will not automatically reload global library macros
2014-02-28 17:37:11,553 - ResourceManager : found crmPojo.vm with loader org.apache.velocity.runtime.resource.loader.ClasspathResourceLoader
2014-02-28 17:37:11,553 - ResourceManager : found crmPojo.vm with loader org.apache.velocity.runtime.resource.loader.ClasspathResourceLoader
2014-03-03 09:10:42,012 - Log4JLogChute initialized using file 'velocity.log'
2014-03-03 09:10:42,012 - Initializing Velocity, Calling init()...
2014-03-03 09:10:42,012 - Starting Apache Velocity v1.7 (compiled: 2010-11-19 12:14:37)
2014-03-03 09:10:42,013 - Default Properties File: org\apache\velocity\runtime\defaults\velocity.properties
2014-03-03 09:10:42,013 - Trying to use logger class org.apache.velocity.runtime.log.AvalonLogChute
2014-03-03 09:10:42,013 - Target log system for org.apache.velocity.runtime.log.AvalonLogChute is not available (java.lang.NoClassDefFoundError: org/apache/log/format/Formatter).  Falling back to next log system...
2014-03-03 09:10:42,013 - Trying to use logger class org.apache.velocity.runtime.log.Log4JLogChute
2014-03-03 09:10:42,013 - Using logger class org.apache.velocity.runtime.log.Log4JLogChute
2014-03-03 09:10:42,016 - ResourceLoader instantiated: org.apache.velocity.runtime.resource.loader.ClasspathResourceLoader
2014-03-03 09:10:42,084 - ResourceCache: initialized (class org.apache.velocity.runtime.resource.ResourceCacheImpl) with class java.util.Collections$SynchronizedMap cache map.
2014-03-03 09:10:42,086 - Loaded System Directive: org.apache.velocity.runtime.directive.Stop
2014-03-03 09:10:42,087 - Loaded System Directive: org.apache.velocity.runtime.directive.Define
2014-03-03 09:10:42,088 - Loaded System Directive: org.apache.velocity.runtime.directive.Break
2014-03-03 09:10:42,089 - Loaded System Directive: org.apache.velocity.runtime.directive.Evaluate
2014-03-03 09:10:42,090 - Loaded System Directive: org.apache.velocity.runtime.directive.Literal
2014-03-03 09:10:42,091 - Loaded System Directive: org.apache.velocity.runtime.directive.Macro
2014-03-03 09:10:42,093 - Loaded System Directive: org.apache.velocity.runtime.directive.Parse
2014-03-03 09:10:42,094 - Loaded System Directive: org.apache.velocity.runtime.directive.Include
2014-03-03 09:10:42,095 - Loaded System Directive: org.apache.velocity.runtime.directive.Foreach
2014-03-03 09:10:42,136 - Created '20' parsers.
2014-03-03 09:10:42,142 - Velocimacro : "velocimacro.library" is not set.  Trying default library: VM_global_library.vm
2014-03-03 09:10:42,143 - Could not load resource 'VM_global_library.vm' from ResourceLoader org.apache.velocity.runtime.resource.loader.ClasspathResourceLoader: ClasspathResourceLoader Error: cannot find resource VM_global_library.vm
2014-03-03 09:10:42,143 - Velocimacro : Default library not found.
2014-03-03 09:10:42,143 - Velocimacro : allowInline = true : VMs can be defined inline in templates
2014-03-03 09:10:42,143 - Velocimacro : allowInlineToOverride = false : VMs defined inline may NOT replace previous VM definitions
2014-03-03 09:10:42,143 - Velocimacro : allowInlineLocal = false : VMs defined inline will be global in scope if allowed.
2014-03-03 09:10:42,143 - Velocimacro : autoload off : VM system will not automatically reload global library macros
2014-03-03 09:10:42,162 - ResourceManager : found crmPojo.vm with loader org.apache.velocity.runtime.resource.loader.ClasspathResourceLoader
2014-03-03 09:10:42,435 - Log4JLogChute initialized using file 'velocity.log'
2014-03-03 09:10:42,435 - Log4JLogChute initialized using file 'velocity.log'
2014-03-03 09:10:42,435 - Initializing Velocity, Calling init()...
2014-03-03 09:10:42,435 - Initializing Velocity, Calling init()...
2014-03-03 09:10:42,435 - Starting Apache Velocity v1.7 (compiled: 2010-11-19 12:14:37)
2014-03-03 09:10:42,435 - Starting Apache Velocity v1.7 (compiled: 2010-11-19 12:14:37)
2014-03-03 09:10:42,435 - Default Properties File: org\apache\velocity\runtime\defaults\velocity.properties
2014-03-03 09:10:42,435 - Default Properties File: org\apache\velocity\runtime\defaults\velocity.properties
2014-03-03 09:10:42,435 - Trying to use logger class org.apache.velocity.runtime.log.AvalonLogChute
2014-03-03 09:10:42,435 - Trying to use logger class org.apache.velocity.runtime.log.AvalonLogChute
2014-03-03 09:10:42,435 - Target log system for org.apache.velocity.runtime.log.AvalonLogChute is not available (java.lang.NoClassDefFoundError: org/apache/log/format/Formatter).  Falling back to next log system...
2014-03-03 09:10:42,435 - Target log system for org.apache.velocity.runtime.log.AvalonLogChute is not available (java.lang.NoClassDefFoundError: org/apache/log/format/Formatter).  Falling back to next log system...
2014-03-03 09:10:42,435 - Trying to use logger class org.apache.velocity.runtime.log.Log4JLogChute
2014-03-03 09:10:42,435 - Trying to use logger class org.apache.velocity.runtime.log.Log4JLogChute
2014-03-03 09:10:42,435 - Using logger class org.apache.velocity.runtime.log.Log4JLogChute
2014-03-03 09:10:42,435 - Using logger class org.apache.velocity.runtime.log.Log4JLogChute
2014-03-03 09:10:42,435 - ResourceLoader instantiated: org.apache.velocity.runtime.resource.loader.ClasspathResourceLoader
2014-03-03 09:10:42,435 - ResourceLoader instantiated: org.apache.velocity.runtime.resource.loader.ClasspathResourceLoader
2014-03-03 09:10:42,436 - ResourceCache: initialized (class org.apache.velocity.runtime.resource.ResourceCacheImpl) with class java.util.Collections$SynchronizedMap cache map.
2014-03-03 09:10:42,436 - ResourceCache: initialized (class org.apache.velocity.runtime.resource.ResourceCacheImpl) with class java.util.Collections$SynchronizedMap cache map.
2014-03-03 09:10:42,436 - Loaded System Directive: org.apache.velocity.runtime.directive.Stop
2014-03-03 09:10:42,436 - Loaded System Directive: org.apache.velocity.runtime.directive.Stop
2014-03-03 09:10:42,436 - Loaded System Directive: org.apache.velocity.runtime.directive.Define
2014-03-03 09:10:42,436 - Loaded System Directive: org.apache.velocity.runtime.directive.Define
2014-03-03 09:10:42,436 - Loaded System Directive: org.apache.velocity.runtime.directive.Break
2014-03-03 09:10:42,436 - Loaded System Directive: org.apache.velocity.runtime.directive.Break
2014-03-03 09:10:42,436 - Loaded System Directive: org.apache.velocity.runtime.directive.Evaluate
2014-03-03 09:10:42,436 - Loaded System Directive: org.apache.velocity.runtime.directive.Evaluate
2014-03-03 09:10:42,437 - Loaded System Directive: org.apache.velocity.runtime.directive.Literal
2014-03-03 09:10:42,437 - Loaded System Directive: org.apache.velocity.runtime.directive.Literal
2014-03-03 09:10:42,437 - Loaded System Directive: org.apache.velocity.runtime.directive.Macro
2014-03-03 09:10:42,437 - Loaded System Directive: org.apache.velocity.runtime.directive.Macro
2014-03-03 09:10:42,437 - Loaded System Directive: org.apache.velocity.runtime.directive.Parse
2014-03-03 09:10:42,437 - Loaded System Directive: org.apache.velocity.runtime.directive.Parse
2014-03-03 09:10:42,437 - Loaded System Directive: org.apache.velocity.runtime.directive.Include
2014-03-03 09:10:42,437 - Loaded System Directive: org.apache.velocity.runtime.directive.Include
2014-03-03 09:10:42,437 - Loaded System Directive: org.apache.velocity.runtime.directive.Foreach
2014-03-03 09:10:42,437 - Loaded System Directive: org.apache.velocity.runtime.directive.Foreach
2014-03-03 09:10:42,439 - Created '20' parsers.
2014-03-03 09:10:42,439 - Created '20' parsers.
2014-03-03 09:10:42,439 - Velocimacro : "velocimacro.library" is not set.  Trying default library: VM_global_library.vm
2014-03-03 09:10:42,439 - Velocimacro : "velocimacro.library" is not set.  Trying default library: VM_global_library.vm
2014-03-03 09:10:42,439 - Could not load resource 'VM_global_library.vm' from ResourceLoader org.apache.velocity.runtime.resource.loader.ClasspathResourceLoader: ClasspathResourceLoader Error: cannot find resource VM_global_library.vm
2014-03-03 09:10:42,439 - Could not load resource 'VM_global_library.vm' from ResourceLoader org.apache.velocity.runtime.resource.loader.ClasspathResourceLoader: ClasspathResourceLoader Error: cannot find resource VM_global_library.vm
2014-03-03 09:10:42,439 - Velocimacro : Default library not found.
2014-03-03 09:10:42,439 - Velocimacro : Default library not found.
2014-03-03 09:10:42,439 - Velocimacro : allowInline = true : VMs can be defined inline in templates
2014-03-03 09:10:42,439 - Velocimacro : allowInline = true : VMs can be defined inline in templates
2014-03-03 09:10:42,439 - Velocimacro : allowInlineToOverride = false : VMs defined inline may NOT replace previous VM definitions
2014-03-03 09:10:42,439 - Velocimacro : allowInlineToOverride = false : VMs defined inline may NOT replace previous VM definitions
2014-03-03 09:10:42,440 - Velocimacro : allowInlineLocal = false : VMs defined inline will be global in scope if allowed.
2014-03-03 09:10:42,440 - Velocimacro : allowInlineLocal = false : VMs defined inline will be global in scope if allowed.
2014-03-03 09:10:42,440 - Velocimacro : autoload off : VM system will not automatically reload global library macros
2014-03-03 09:10:42,440 - Velocimacro : autoload off : VM system will not automatically reload global library macros
2014-03-03 09:10:42,444 - ResourceManager : found crmPojo.vm with loader org.apache.velocity.runtime.resource.loader.ClasspathResourceLoader
2014-03-03 09:10:42,444 - ResourceManager : found crmPojo.vm with loader org.apache.velocity.runtime.resource.loader.ClasspathResourceLoader
2014-03-03 09:12:18,803 - Log4JLogChute initialized using file 'velocity.log'
2014-03-03 09:12:18,804 - Initializing Velocity, Calling init()...
2014-03-03 09:12:18,804 - Starting Apache Velocity v1.7 (compiled: 2010-11-19 12:14:37)
2014-03-03 09:12:18,804 - Default Properties File: org\apache\velocity\runtime\defaults\velocity.properties
2014-03-03 09:12:18,804 - Trying to use logger class org.apache.velocity.runtime.log.AvalonLogChute
2014-03-03 09:12:18,804 - Target log system for org.apache.velocity.runtime.log.AvalonLogChute is not available (java.lang.NoClassDefFoundError: org/apache/log/format/Formatter).  Falling back to next log system...
2014-03-03 09:12:18,804 - Trying to use logger class org.apache.velocity.runtime.log.Log4JLogChute
2014-03-03 09:12:18,804 - Using logger class org.apache.velocity.runtime.log.Log4JLogChute
2014-03-03 09:12:18,809 - ResourceLoader instantiated: org.apache.velocity.runtime.resource.loader.ClasspathResourceLoader
2014-03-03 09:12:18,827 - ResourceCache: initialized (class org.apache.velocity.runtime.resource.ResourceCacheImpl) with class java.util.Collections$SynchronizedMap cache map.
2014-03-03 09:12:18,829 - Loaded System Directive: org.apache.velocity.runtime.directive.Stop
2014-03-03 09:12:18,830 - Loaded System Directive: org.apache.velocity.runtime.directive.Define
2014-03-03 09:12:18,831 - Loaded System Directive: org.apache.velocity.runtime.directive.Break
2014-03-03 09:12:18,832 - Loaded System Directive: org.apache.velocity.runtime.directive.Evaluate
2014-03-03 09:12:18,833 - Loaded System Directive: org.apache.velocity.runtime.directive.Literal
2014-03-03 09:12:18,834 - Loaded System Directive: org.apache.velocity.runtime.directive.Macro
2014-03-03 09:12:18,836 - Loaded System Directive: org.apache.velocity.runtime.directive.Parse
2014-03-03 09:12:18,838 - Loaded System Directive: org.apache.velocity.runtime.directive.Include
2014-03-03 09:12:18,839 - Loaded System Directive: org.apache.velocity.runtime.directive.Foreach
2014-03-03 09:12:18,879 - Created '20' parsers.
2014-03-03 09:12:18,888 - Velocimacro : "velocimacro.library" is not set.  Trying default library: VM_global_library.vm
2014-03-03 09:12:18,888 - Could not load resource 'VM_global_library.vm' from ResourceLoader org.apache.velocity.runtime.resource.loader.ClasspathResourceLoader: ClasspathResourceLoader Error: cannot find resource VM_global_library.vm
2014-03-03 09:12:18,888 - Velocimacro : Default library not found.
2014-03-03 09:12:18,888 - Velocimacro : allowInline = true : VMs can be defined inline in templates
2014-03-03 09:12:18,888 - Velocimacro : allowInlineToOverride = false : VMs defined inline may NOT replace previous VM definitions
2014-03-03 09:12:18,888 - Velocimacro : allowInlineLocal = false : VMs defined inline will be global in scope if allowed.
2014-03-03 09:12:18,889 - Velocimacro : autoload off : VM system will not automatically reload global library macros
2014-03-03 09:12:18,912 - ResourceManager : found crmPojo.vm with loader org.apache.velocity.runtime.resource.loader.ClasspathResourceLoader
2014-03-03 09:12:19,044 - Log4JLogChute initialized using file 'velocity.log'
2014-03-03 09:12:19,044 - Log4JLogChute initialized using file 'velocity.log'
2014-03-03 09:12:19,044 - Initializing Velocity, Calling init()...
2014-03-03 09:12:19,044 - Initializing Velocity, Calling init()...
2014-03-03 09:12:19,044 - Starting Apache Velocity v1.7 (compiled: 2010-11-19 12:14:37)
2014-03-03 09:12:19,044 - Starting Apache Velocity v1.7 (compiled: 2010-11-19 12:14:37)
2014-03-03 09:12:19,044 - Default Properties File: org\apache\velocity\runtime\defaults\velocity.properties
2014-03-03 09:12:19,044 - Default Properties File: org\apache\velocity\runtime\defaults\velocity.properties
2014-03-03 09:12:19,045 - Trying to use logger class org.apache.velocity.runtime.log.AvalonLogChute
2014-03-03 09:12:19,045 - Trying to use logger class org.apache.velocity.runtime.log.AvalonLogChute
2014-03-03 09:12:19,045 - Target log system for org.apache.velocity.runtime.log.AvalonLogChute is not available (java.lang.NoClassDefFoundError: org/apache/log/format/Formatter).  Falling back to next log system...
2014-03-03 09:12:19,045 - Target log system for org.apache.velocity.runtime.log.AvalonLogChute is not available (java.lang.NoClassDefFoundError: org/apache/log/format/Formatter).  Falling back to next log system...
2014-03-03 09:12:19,045 - Trying to use logger class org.apache.velocity.runtime.log.Log4JLogChute
2014-03-03 09:12:19,045 - Trying to use logger class org.apache.velocity.runtime.log.Log4JLogChute
2014-03-03 09:12:19,045 - Using logger class org.apache.velocity.runtime.log.Log4JLogChute
2014-03-03 09:12:19,045 - Using logger class org.apache.velocity.runtime.log.Log4JLogChute
2014-03-03 09:12:19,045 - ResourceLoader instantiated: org.apache.velocity.runtime.resource.loader.ClasspathResourceLoader
2014-03-03 09:12:19,045 - ResourceLoader instantiated: org.apache.velocity.runtime.resource.loader.ClasspathResourceLoader
2014-03-03 09:12:19,045 - ResourceCache: initialized (class org.apache.velocity.runtime.resource.ResourceCacheImpl) with class java.util.Collections$SynchronizedMap cache map.
2014-03-03 09:12:19,045 - ResourceCache: initialized (class org.apache.velocity.runtime.resource.ResourceCacheImpl) with class java.util.Collections$SynchronizedMap cache map.
2014-03-03 09:12:19,045 - Loaded System Directive: org.apache.velocity.runtime.directive.Stop
2014-03-03 09:12:19,045 - Loaded System Directive: org.apache.velocity.runtime.directive.Stop
2014-03-03 09:12:19,046 - Loaded System Directive: org.apache.velocity.runtime.directive.Define
2014-03-03 09:12:19,046 - Loaded System Directive: org.apache.velocity.runtime.directive.Define
2014-03-03 09:12:19,046 - Loaded System Directive: org.apache.velocity.runtime.directive.Break
2014-03-03 09:12:19,046 - Loaded System Directive: org.apache.velocity.runtime.directive.Break
2014-03-03 09:12:19,046 - Loaded System Directive: org.apache.velocity.runtime.directive.Evaluate
2014-03-03 09:12:19,046 - Loaded System Directive: org.apache.velocity.runtime.directive.Evaluate
2014-03-03 09:12:19,046 - Loaded System Directive: org.apache.velocity.runtime.directive.Literal
2014-03-03 09:12:19,046 - Loaded System Directive: org.apache.velocity.runtime.directive.Literal
2014-03-03 09:12:19,046 - Loaded System Directive: org.apache.velocity.runtime.directive.Macro
2014-03-03 09:12:19,046 - Loaded System Directive: org.apache.velocity.runtime.directive.Macro
2014-03-03 09:12:19,046 - Loaded System Directive: org.apache.velocity.runtime.directive.Parse
2014-03-03 09:12:19,046 - Loaded System Directive: org.apache.velocity.runtime.directive.Parse
2014-03-03 09:12:19,046 - Loaded System Directive: org.apache.velocity.runtime.directive.Include
2014-03-03 09:12:19,046 - Loaded System Directive: org.apache.velocity.runtime.directive.Include
2014-03-03 09:12:19,046 - Loaded System Directive: org.apache.velocity.runtime.directive.Foreach
2014-03-03 09:12:19,046 - Loaded System Directive: org.apache.velocity.runtime.directive.Foreach
2014-03-03 09:12:19,047 - Created '20' parsers.
2014-03-03 09:12:19,047 - Created '20' parsers.
2014-03-03 09:12:19,047 - Velocimacro : "velocimacro.library" is not set.  Trying default library: VM_global_library.vm
2014-03-03 09:12:19,047 - Velocimacro : "velocimacro.library" is not set.  Trying default library: VM_global_library.vm
2014-03-03 09:12:19,048 - Could not load resource 'VM_global_library.vm' from ResourceLoader org.apache.velocity.runtime.resource.loader.ClasspathResourceLoader: ClasspathResourceLoader Error: cannot find resource VM_global_library.vm
2014-03-03 09:12:19,048 - Could not load resource 'VM_global_library.vm' from ResourceLoader org.apache.velocity.runtime.resource.loader.ClasspathResourceLoader: ClasspathResourceLoader Error: cannot find resource VM_global_library.vm
2014-03-03 09:12:19,048 - Velocimacro : Default library not found.
2014-03-03 09:12:19,048 - Velocimacro : Default library not found.
2014-03-03 09:12:19,048 - Velocimacro : allowInline = true : VMs can be defined inline in templates
2014-03-03 09:12:19,048 - Velocimacro : allowInline = true : VMs can be defined inline in templates
2014-03-03 09:12:19,048 - Velocimacro : allowInlineToOverride = false : VMs defined inline may NOT replace previous VM definitions
2014-03-03 09:12:19,048 - Velocimacro : allowInlineToOverride = false : VMs defined inline may NOT replace previous VM definitions
2014-03-03 09:12:19,048 - Velocimacro : allowInlineLocal = false : VMs defined inline will be global in scope if allowed.
2014-03-03 09:12:19,048 - Velocimacro : allowInlineLocal = false : VMs defined inline will be global in scope if allowed.
2014-03-03 09:12:19,048 - Velocimacro : autoload off : VM system will not automatically reload global library macros
2014-03-03 09:12:19,048 - Velocimacro : autoload off : VM system will not automatically reload global library macros
2014-03-03 09:12:19,051 - ResourceManager : found crmPojo.vm with loader org.apache.velocity.runtime.resource.loader.ClasspathResourceLoader
2014-03-03 09:12:19,051 - ResourceManager : found crmPojo.vm with loader org.apache.velocity.runtime.resource.loader.ClasspathResourceLoader
2014-03-03 09:14:57,795 - Log4JLogChute initialized using file 'velocity.log'
2014-03-03 09:14:57,796 - Initializing Velocity, Calling init()...
2014-03-03 09:14:57,796 - Starting Apache Velocity v1.7 (compiled: 2010-11-19 12:14:37)
2014-03-03 09:14:57,796 - Default Properties File: org\apache\velocity\runtime\defaults\velocity.properties
2014-03-03 09:14:57,796 - Trying to use logger class org.apache.velocity.runtime.log.AvalonLogChute
2014-03-03 09:14:57,797 - Target log system for org.apache.velocity.runtime.log.AvalonLogChute is not available (java.lang.NoClassDefFoundError: org/apache/log/format/Formatter).  Falling back to next log system...
2014-03-03 09:14:57,797 - Trying to use logger class org.apache.velocity.runtime.log.Log4JLogChute
2014-03-03 09:14:57,797 - Using logger class org.apache.velocity.runtime.log.Log4JLogChute
2014-03-03 09:14:57,802 - ResourceLoader instantiated: org.apache.velocity.runtime.resource.loader.ClasspathResourceLoader
2014-03-03 09:14:57,826 - ResourceCache: initialized (class org.apache.velocity.runtime.resource.ResourceCacheImpl) with class java.util.Collections$SynchronizedMap cache map.
2014-03-03 09:14:57,829 - Loaded System Directive: org.apache.velocity.runtime.directive.Stop
2014-03-03 09:14:57,831 - Loaded System Directive: org.apache.velocity.runtime.directive.Define
2014-03-03 09:14:57,832 - Loaded System Directive: org.apache.velocity.runtime.directive.Break
2014-03-03 09:14:57,834 - Loaded System Directive: org.apache.velocity.runtime.directive.Evaluate
2014-03-03 09:14:57,835 - Loaded System Directive: org.apache.velocity.runtime.directive.Literal
2014-03-03 09:14:57,837 - Loaded System Directive: org.apache.velocity.runtime.directive.Macro
2014-03-03 09:14:57,840 - Loaded System Directive: org.apache.velocity.runtime.directive.Parse
2014-03-03 09:14:57,844 - Loaded System Directive: org.apache.velocity.runtime.directive.Include
2014-03-03 09:14:57,846 - Loaded System Directive: org.apache.velocity.runtime.directive.Foreach
2014-03-03 09:14:57,900 - Created '20' parsers.
2014-03-03 09:14:57,908 - Velocimacro : "velocimacro.library" is not set.  Trying default library: VM_global_library.vm
2014-03-03 09:14:57,908 - Could not load resource 'VM_global_library.vm' from ResourceLoader org.apache.velocity.runtime.resource.loader.ClasspathResourceLoader: ClasspathResourceLoader Error: cannot find resource VM_global_library.vm
2014-03-03 09:14:57,908 - Velocimacro : Default library not found.
2014-03-03 09:14:57,909 - Velocimacro : allowInline = true : VMs can be defined inline in templates
2014-03-03 09:14:57,909 - Velocimacro : allowInlineToOverride = false : VMs defined inline may NOT replace previous VM definitions
2014-03-03 09:14:57,909 - Velocimacro : allowInlineLocal = false : VMs defined inline will be global in scope if allowed.
2014-03-03 09:14:57,909 - Velocimacro : autoload off : VM system will not automatically reload global library macros
2014-03-03 09:14:57,930 - ResourceManager : found crmPojo.vm with loader org.apache.velocity.runtime.resource.loader.ClasspathResourceLoader
2014-03-03 09:14:58,194 - Log4JLogChute initialized using file 'velocity.log'
2014-03-03 09:14:58,194 - Log4JLogChute initialized using file 'velocity.log'
2014-03-03 09:14:58,194 - Initializing Velocity, Calling init()...
2014-03-03 09:14:58,194 - Initializing Velocity, Calling init()...
2014-03-03 09:14:58,194 - Starting Apache Velocity v1.7 (compiled: 2010-11-19 12:14:37)
2014-03-03 09:14:58,194 - Starting Apache Velocity v1.7 (compiled: 2010-11-19 12:14:37)
2014-03-03 09:14:58,194 - Default Properties File: org\apache\velocity\runtime\defaults\velocity.properties
2014-03-03 09:14:58,194 - Default Properties File: org\apache\velocity\runtime\defaults\velocity.properties
2014-03-03 09:14:58,194 - Trying to use logger class org.apache.velocity.runtime.log.AvalonLogChute
2014-03-03 09:14:58,194 - Trying to use logger class org.apache.velocity.runtime.log.AvalonLogChute
2014-03-03 09:14:58,195 - Target log system for org.apache.velocity.runtime.log.AvalonLogChute is not available (java.lang.NoClassDefFoundError: org/apache/log/format/Formatter).  Falling back to next log system...
2014-03-03 09:14:58,195 - Target log system for org.apache.velocity.runtime.log.AvalonLogChute is not available (java.lang.NoClassDefFoundError: org/apache/log/format/Formatter).  Falling back to next log system...
2014-03-03 09:14:58,195 - Trying to use logger class org.apache.velocity.runtime.log.Log4JLogChute
2014-03-03 09:14:58,195 - Trying to use logger class org.apache.velocity.runtime.log.Log4JLogChute
2014-03-03 09:14:58,195 - Using logger class org.apache.velocity.runtime.log.Log4JLogChute
2014-03-03 09:14:58,195 - Using logger class org.apache.velocity.runtime.log.Log4JLogChute
2014-03-03 09:14:58,195 - ResourceLoader instantiated: org.apache.velocity.runtime.resource.loader.ClasspathResourceLoader
2014-03-03 09:14:58,195 - ResourceLoader instantiated: org.apache.velocity.runtime.resource.loader.ClasspathResourceLoader
2014-03-03 09:14:58,196 - ResourceCache: initialized (class org.apache.velocity.runtime.resource.ResourceCacheImpl) with class java.util.Collections$SynchronizedMap cache map.
2014-03-03 09:14:58,196 - ResourceCache: initialized (class org.apache.velocity.runtime.resource.ResourceCacheImpl) with class java.util.Collections$SynchronizedMap cache map.
2014-03-03 09:14:58,196 - Loaded System Directive: org.apache.velocity.runtime.directive.Stop
2014-03-03 09:14:58,196 - Loaded System Directive: org.apache.velocity.runtime.directive.Stop
2014-03-03 09:14:58,196 - Loaded System Directive: org.apache.velocity.runtime.directive.Define
2014-03-03 09:14:58,196 - Loaded System Directive: org.apache.velocity.runtime.directive.Define
2014-03-03 09:14:58,197 - Loaded System Directive: org.apache.velocity.runtime.directive.Break
2014-03-03 09:14:58,197 - Loaded System Directive: org.apache.velocity.runtime.directive.Break
2014-03-03 09:14:58,197 - Loaded System Directive: org.apache.velocity.runtime.directive.Evaluate
2014-03-03 09:14:58,197 - Loaded System Directive: org.apache.velocity.runtime.directive.Evaluate
2014-03-03 09:14:58,197 - Loaded System Directive: org.apache.velocity.runtime.directive.Literal
2014-03-03 09:14:58,197 - Loaded System Directive: org.apache.velocity.runtime.directive.Literal
2014-03-03 09:14:58,197 - Loaded System Directive: org.apache.velocity.runtime.directive.Macro
2014-03-03 09:14:58,197 - Loaded System Directive: org.apache.velocity.runtime.directive.Macro
2014-03-03 09:14:58,198 - Loaded System Directive: org.apache.velocity.runtime.directive.Parse
2014-03-03 09:14:58,198 - Loaded System Directive: org.apache.velocity.runtime.directive.Parse
2014-03-03 09:14:58,198 - Loaded System Directive: org.apache.velocity.runtime.directive.Include
2014-03-03 09:14:58,198 - Loaded System Directive: org.apache.velocity.runtime.directive.Include
2014-03-03 09:14:58,198 - Loaded System Directive: org.apache.velocity.runtime.directive.Foreach
2014-03-03 09:14:58,198 - Loaded System Directive: org.apache.velocity.runtime.directive.Foreach
2014-03-03 09:14:58,200 - Created '20' parsers.
2014-03-03 09:14:58,200 - Created '20' parsers.
2014-03-03 09:14:58,200 - Velocimacro : "velocimacro.library" is not set.  Trying default library: VM_global_library.vm
2014-03-03 09:14:58,200 - Velocimacro : "velocimacro.library" is not set.  Trying default library: VM_global_library.vm
2014-03-03 09:14:58,200 - Could not load resource 'VM_global_library.vm' from ResourceLoader org.apache.velocity.runtime.resource.loader.ClasspathResourceLoader: ClasspathResourceLoader Error: cannot find resource VM_global_library.vm
2014-03-03 09:14:58,200 - Could not load resource 'VM_global_library.vm' from ResourceLoader org.apache.velocity.runtime.resource.loader.ClasspathResourceLoader: ClasspathResourceLoader Error: cannot find resource VM_global_library.vm
2014-03-03 09:14:58,200 - Velocimacro : Default library not found.
2014-03-03 09:14:58,200 - Velocimacro : Default library not found.
2014-03-03 09:14:58,200 - Velocimacro : allowInline = true : VMs can be defined inline in templates
2014-03-03 09:14:58,200 - Velocimacro : allowInline = true : VMs can be defined inline in templates
2014-03-03 09:14:58,200 - Velocimacro : allowInlineToOverride = false : VMs defined inline may NOT replace previous VM definitions
2014-03-03 09:14:58,200 - Velocimacro : allowInlineToOverride = false : VMs defined inline may NOT replace previous VM definitions
2014-03-03 09:14:58,201 - Velocimacro : allowInlineLocal = false : VMs defined inline will be global in scope if allowed.
2014-03-03 09:14:58,201 - Velocimacro : allowInlineLocal = false : VMs defined inline will be global in scope if allowed.
2014-03-03 09:14:58,201 - Velocimacro : autoload off : VM system will not automatically reload global library macros
2014-03-03 09:14:58,201 - Velocimacro : autoload off : VM system will not automatically reload global library macros
2014-03-03 09:14:58,206 - ResourceManager : found crmPojo.vm with loader org.apache.velocity.runtime.resource.loader.ClasspathResourceLoader
2014-03-03 09:14:58,206 - ResourceManager : found crmPojo.vm with loader org.apache.velocity.runtime.resource.loader.ClasspathResourceLoader
2014-03-19 10:25:10,611 - Log4JLogChute initialized using file 'velocity.log'
2014-03-19 10:25:10,623 - Initializing Velocity, Calling init()...
2014-03-19 10:25:10,623 - Starting Apache Velocity v1.7 (compiled: 2010-11-19 12:14:37)
2014-03-19 10:25:10,623 - Default Properties File: org\apache\velocity\runtime\defaults\velocity.properties
2014-03-19 10:25:10,623 - Trying to use logger class org.apache.velocity.runtime.log.AvalonLogChute
2014-03-19 10:25:10,623 - Target log system for org.apache.velocity.runtime.log.AvalonLogChute is not available (java.lang.NoClassDefFoundError: org/apache/log/format/Formatter).  Falling back to next log system...
2014-03-19 10:25:10,623 - Trying to use logger class org.apache.velocity.runtime.log.Log4JLogChute
2014-03-19 10:25:10,623 - Using logger class org.apache.velocity.runtime.log.Log4JLogChute
2014-03-19 10:25:10,626 - ResourceLoader instantiated: org.apache.velocity.runtime.resource.loader.ClasspathResourceLoader
2014-03-19 10:25:10,693 - ResourceCache: initialized (class org.apache.velocity.runtime.resource.ResourceCacheImpl) with class java.util.Collections$SynchronizedMap cache map.
2014-03-19 10:25:10,695 - Loaded System Directive: org.apache.velocity.runtime.directive.Stop
2014-03-19 10:25:10,697 - Loaded System Directive: org.apache.velocity.runtime.directive.Define
2014-03-19 10:25:10,698 - Loaded System Directive: org.apache.velocity.runtime.directive.Break
2014-03-19 10:25:10,699 - Loaded System Directive: org.apache.velocity.runtime.directive.Evaluate
2014-03-19 10:25:10,700 - Loaded System Directive: org.apache.velocity.runtime.directive.Literal
2014-03-19 10:25:10,701 - Loaded System Directive: org.apache.velocity.runtime.directive.Macro
2014-03-19 10:25:10,703 - Loaded System Directive: org.apache.velocity.runtime.directive.Parse
2014-03-19 10:25:10,705 - Loaded System Directive: org.apache.velocity.runtime.directive.Include
2014-03-19 10:25:10,707 - Loaded System Directive: org.apache.velocity.runtime.directive.Foreach
2014-03-19 10:25:10,788 - Created '20' parsers.
2014-03-19 10:25:10,797 - Velocimacro : "velocimacro.library" is not set.  Trying default library: VM_global_library.vm
2014-03-19 10:25:10,798 - Could not load resource 'VM_global_library.vm' from ResourceLoader org.apache.velocity.runtime.resource.loader.ClasspathResourceLoader: ClasspathResourceLoader Error: cannot find resource VM_global_library.vm
2014-03-19 10:25:10,798 - Velocimacro : Default library not found.
2014-03-19 10:25:10,798 - Velocimacro : allowInline = true : VMs can be defined inline in templates
2014-03-19 10:25:10,798 - Velocimacro : allowInlineToOverride = false : VMs defined inline may NOT replace previous VM definitions
2014-03-19 10:25:10,798 - Velocimacro : allowInlineLocal = false : VMs defined inline will be global in scope if allowed.
2014-03-19 10:25:10,798 - Velocimacro : autoload off : VM system will not automatically reload global library macros
2014-03-19 10:25:10,825 - ResourceManager : found crmPojo.vm with loader org.apache.velocity.runtime.resource.loader.ClasspathResourceLoader
2014-03-19 10:25:11,263 - Log4JLogChute initialized using file 'velocity.log'
2014-03-19 10:25:11,263 - Log4JLogChute initialized using file 'velocity.log'
2014-03-19 10:25:11,263 - Initializing Velocity, Calling init()...
2014-03-19 10:25:11,263 - Initializing Velocity, Calling init()...
2014-03-19 10:25:11,263 - Starting Apache Velocity v1.7 (compiled: 2010-11-19 12:14:37)
2014-03-19 10:25:11,263 - Starting Apache Velocity v1.7 (compiled: 2010-11-19 12:14:37)
2014-03-19 10:25:11,264 - Default Properties File: org\apache\velocity\runtime\defaults\velocity.properties
2014-03-19 10:25:11,264 - Default Properties File: org\apache\velocity\runtime\defaults\velocity.properties
2014-03-19 10:25:11,264 - Trying to use logger class org.apache.velocity.runtime.log.AvalonLogChute
2014-03-19 10:25:11,264 - Trying to use logger class org.apache.velocity.runtime.log.AvalonLogChute
2014-03-19 10:25:11,264 - Target log system for org.apache.velocity.runtime.log.AvalonLogChute is not available (java.lang.NoClassDefFoundError: org/apache/log/format/Formatter).  Falling back to next log system...
2014-03-19 10:25:11,264 - Target log system for org.apache.velocity.runtime.log.AvalonLogChute is not available (java.lang.NoClassDefFoundError: org/apache/log/format/Formatter).  Falling back to next log system...
2014-03-19 10:25:11,264 - Trying to use logger class org.apache.velocity.runtime.log.Log4JLogChute
2014-03-19 10:25:11,264 - Trying to use logger class org.apache.velocity.runtime.log.Log4JLogChute
2014-03-19 10:25:11,264 - Using logger class org.apache.velocity.runtime.log.Log4JLogChute
2014-03-19 10:25:11,264 - Using logger class org.apache.velocity.runtime.log.Log4JLogChute
2014-03-19 10:25:11,264 - ResourceLoader instantiated: org.apache.velocity.runtime.resource.loader.ClasspathResourceLoader
2014-03-19 10:25:11,264 - ResourceLoader instantiated: org.apache.velocity.runtime.resource.loader.ClasspathResourceLoader
2014-03-19 10:25:11,265 - ResourceCache: initialized (class org.apache.velocity.runtime.resource.ResourceCacheImpl) with class java.util.Collections$SynchronizedMap cache map.
2014-03-19 10:25:11,265 - ResourceCache: initialized (class org.apache.velocity.runtime.resource.ResourceCacheImpl) with class java.util.Collections$SynchronizedMap cache map.
2014-03-19 10:25:11,266 - Loaded System Directive: org.apache.velocity.runtime.directive.Stop
2014-03-19 10:25:11,266 - Loaded System Directive: org.apache.velocity.runtime.directive.Stop
2014-03-19 10:25:11,266 - Loaded System Directive: org.apache.velocity.runtime.directive.Define
2014-03-19 10:25:11,266 - Loaded System Directive: org.apache.velocity.runtime.directive.Define
2014-03-19 10:25:11,266 - Loaded System Directive: org.apache.velocity.runtime.directive.Break
2014-03-19 10:25:11,266 - Loaded System Directive: org.apache.velocity.runtime.directive.Break
2014-03-19 10:25:11,267 - Loaded System Directive: org.apache.velocity.runtime.directive.Evaluate
2014-03-19 10:25:11,267 - Loaded System Directive: org.apache.velocity.runtime.directive.Evaluate
2014-03-19 10:25:11,267 - Loaded System Directive: org.apache.velocity.runtime.directive.Literal
2014-03-19 10:25:11,267 - Loaded System Directive: org.apache.velocity.runtime.directive.Literal
2014-03-19 10:25:11,267 - Loaded System Directive: org.apache.velocity.runtime.directive.Macro
2014-03-19 10:25:11,267 - Loaded System Directive: org.apache.velocity.runtime.directive.Macro
2014-03-19 10:25:11,267 - Loaded System Directive: org.apache.velocity.runtime.directive.Parse
2014-03-19 10:25:11,267 - Loaded System Directive: org.apache.velocity.runtime.directive.Parse
2014-03-19 10:25:11,267 - Loaded System Directive: org.apache.velocity.runtime.directive.Include
2014-03-19 10:25:11,267 - Loaded System Directive: org.apache.velocity.runtime.directive.Include
2014-03-19 10:25:11,268 - Loaded System Directive: org.apache.velocity.runtime.directive.Foreach
2014-03-19 10:25:11,268 - Loaded System Directive: org.apache.velocity.runtime.directive.Foreach
2014-03-19 10:25:11,270 - Created '20' parsers.
2014-03-19 10:25:11,270 - Created '20' parsers.
2014-03-19 10:25:11,270 - Velocimacro : "velocimacro.library" is not set.  Trying default library: VM_global_library.vm
2014-03-19 10:25:11,270 - Velocimacro : "velocimacro.library" is not set.  Trying default library: VM_global_library.vm
2014-03-19 10:25:11,271 - Could not load resource 'VM_global_library.vm' from ResourceLoader org.apache.velocity.runtime.resource.loader.ClasspathResourceLoader: ClasspathResourceLoader Error: cannot find resource VM_global_library.vm
2014-03-19 10:25:11,271 - Could not load resource 'VM_global_library.vm' from ResourceLoader org.apache.velocity.runtime.resource.loader.ClasspathResourceLoader: ClasspathResourceLoader Error: cannot find resource VM_global_library.vm
2014-03-19 10:25:11,271 - Velocimacro : Default library not found.
2014-03-19 10:25:11,271 - Velocimacro : Default library not found.
2014-03-19 10:25:11,272 - Velocimacro : allowInline = true : VMs can be defined inline in templates
2014-03-19 10:25:11,272 - Velocimacro : allowInline = true : VMs can be defined inline in templates
2014-03-19 10:25:11,272 - Velocimacro : allowInlineToOverride = false : VMs defined inline may NOT replace previous VM definitions
2014-03-19 10:25:11,272 - Velocimacro : allowInlineToOverride = false : VMs defined inline may NOT replace previous VM definitions
2014-03-19 10:25:11,272 - Velocimacro : allowInlineLocal = false : VMs defined inline will be global in scope if allowed.
2014-03-19 10:25:11,272 - Velocimacro : allowInlineLocal = false : VMs defined inline will be global in scope if allowed.
2014-03-19 10:25:11,272 - Velocimacro : autoload off : VM system will not automatically reload global library macros
2014-03-19 10:25:11,272 - Velocimacro : autoload off : VM system will not automatically reload global library macros
2014-03-19 10:25:11,281 - ResourceManager : found crmPojo.vm with loader org.apache.velocity.runtime.resource.loader.ClasspathResourceLoader
2014-03-19 10:25:11,281 - ResourceManager : found crmPojo.vm with loader org.apache.velocity.runtime.resource.loader.ClasspathResourceLoader
